S
	( ) 
	( S ) 
	EXPR 
	( ) S 
	( S ) S 
	EXPR S 
EXPR
	OPER 
	STMTS 
OPER
	( := Id OPER ) 
	( BINOPS OPER OPER ) 
	( UNOPS OPER ) 
	CONSTANTS 
	Id 
BINOPS
	+ 
	- 
	* 
	/ 
	% 
	^ 
	= 
	> 
	>= 
	< 
	<= 
	!= 
	or 
	and 
UNOPS
	- 
	not 
	sin 
	cos 
	tan 
CONSTANTS
	String 
	Int 
	Real 
	Bool 
STMTS
	IFSTMTS 
	WHILESTMTS 
	LETSTMTS 
	PRINTSTMTS 
PRINTSTMTS
	( stdout OPER ) 
IFSTMTS
	( if EXPR EXPR EXPR ) 
	( if EXPR EXPR ) 
WHILESTMTS
	( while EXPR EXPRLISTS ) 
LETSTMTS
	( let ( VARLISTS ) ) 
EXPRLISTS
	EXPR 
	EXPR EXPRLISTS 
VARLISTS
	( Id Prim ) 
	( Id Prim ) VARLISTS 
